#
# A fatal error has been detected by the Java Runtime Environment:
#
#  EXCEPTION_ACCESS_VIOLATION (0xc0000005) at pc=0x000000005fcaca27, pid=15076, tid=0x0000000000004970
#
# JRE version: OpenJDK Runtime Environment (8.0_152-b02) (build 1.8.0_152-release-1024-b02)
# Java VM: OpenJDK 64-Bit Server VM (25.152-b02 mixed mode windows-amd64 compressed oops)
# Problematic frame:
# V  [jvm.dll+0x1eca27]
#
# Failed to write core dump. Minidumps are not enabled by default on client versions of Windows
#
# If you would like to submit a bug report, please visit:
#   http://bugreport.java.com/bugreport/crash.jsp
#

---------------  T H R E A D  ---------------

Current thread (0x0000000017df9800):  JavaThread "Task worker for ':'" [_thread_in_vm, id=18800, stack(0x0000000023170000,0x0000000023270000)]

siginfo: ExceptionCode=0xc0000005, writing address 0x00000000232638b0

Registers:
RAX=0x00000000232638b0, RBX=0x0000000000000007, RCX=0x0000000000006000, RDX=0x0000000000000014
RSP=0x00000000232698b0, RBP=0x0000000000000000, RSI=0x00000000232698b0, RDI=0x0000000000000007
R8 =0x0000000000000014, R9 =0x000000001cdae6e0, R10=0x0000000015a54528, R11=0x000000002317a158
R12=0x000000001cdae6e0, R13=0x0000000017df9800, R14=0x0000000023269978, R15=0x0000000015a54528
RIP=0x000000005fcaca27, EFLAGS=0x0000000000010202

Top of Stack: (sp=0x00000000232698b0)
0x00000000232698b0:   0000000023269d28 00007ffa88cbc4bf
0x00000000232698c0:   0000000017df9800 000000001cdae6e0
0x00000000232698d0:   00000000ffffffff 000000005fcad957
0x00000000232698e0:   00000000232699e0 0000000015a54528
0x00000000232698f0:   0000000017df9800 0000000000f61c80
0x0000000023269900:   0000000100830fb8 0000000000f60000
0x0000000023269910:   0000000000f602a8 0000000023269a70
0x0000000023269920:   0000000015a54528 0000000017df9800
0x0000000023269930:   0000000002ab69a0 0000000000000000
0x0000000023269940:   0000000000000018 0000000000000000
0x0000000023269950:   0000000000000000 0000000000000002
0x0000000023269960:   0000000000000020 0000000015a54528
0x0000000023269970:   0000000017df9800 000000001c770048
0x0000000023269980:   0000000000f60000 0000000000000001
0x0000000023269990:   0000000023269b60 0000000000000000
0x00000000232699a0:   0000000000200021 000000001f7e48f0 

Instructions: (pc=0x000000005fcaca27)
0x000000005fcaca07:   48 89 6c 24 30 33 ed 66 90 e8 9b be 07 00 ff c3
0x000000005fcaca17:   48 63 c8 48 8b c6 48 0f af cf 48 ff c7 48 2b c1
0x000000005fcaca27:   89 28 48 63 c3 48 3b 05 75 4b 57 00 7e db 48 8b
0x000000005fcaca37:   6c 24 30 48 8b 5c 24 38 48 8b 74 24 40 48 83 c4 


Register to memory mapping:

RAX=0x00000000232638b0 is pointing into the stack for thread: 0x0000000017df9800
RBX=0x0000000000000007 is an unknown value
RCX=0x0000000000006000 is an unknown value
RDX=0x0000000000000014 is an unknown value
RSP=0x00000000232698b0 is pointing into the stack for thread: 0x0000000017df9800
RBP=0x0000000000000000 is an unknown value
RSI=0x00000000232698b0 is pointing into the stack for thread: 0x0000000017df9800
RDI=0x0000000000000007 is an unknown value
R8 =0x0000000000000014 is an unknown value
R9 =0x000000001cdae6e0 is an unknown value
R10={method} {0x0000000015a54530} 'addClass' '(Ljava/lang/Class;)V' in 'java/lang/ClassLoader'
R11=0x000000002317a158 is pointing into the stack for thread: 0x0000000017df9800
R12=0x000000001cdae6e0 is an unknown value
R13=0x0000000017df9800 is a thread
R14=0x0000000023269978 is pointing into the stack for thread: 0x0000000017df9800
R15={method} {0x0000000015a54530} 'addClass' '(Ljava/lang/Class;)V' in 'java/lang/ClassLoader'


Stack: [0x0000000023170000,0x0000000023270000],  sp=0x00000000232698b0,  free space=998k
Native frames: (J=compiled Java code, j=interpreted, Vv=VM code, C=native code)

Java frames: (J=compiled Java code, j=interpreted, Vv=VM code)
J 695  java.lang.ClassLoader.defineClass1(Ljava/lang/String;[BIILjava/security/ProtectionDomain;Ljava/lang/String;)Ljava/lang/Class; (0 bytes) @ 0x0000000002d5dd5f [0x0000000002d5dcc0+0x9f]
J 3896 C2 java.lang.ClassLoader.defineClass(Ljava/lang/String;[BIILjava/security/ProtectionDomain;)Ljava/lang/Class; (43 bytes) @ 0x00000000037919fc [0x0000000003791960+0x9c]
J 5395 C2 java.net.URLClassLoader$1.run()Ljava/lang/Object; (5 bytes) @ 0x0000000003c1e568 [0x0000000003c1d5e0+0xf88]
v  ~StubRoutines::call_stub
J 231  java.security.AccessController.doPrivileged(Ljava/security/PrivilegedExceptionAction;Ljava/security/AccessControlContext;)Ljava/lang/Object; (0 bytes) @ 0x0000000002bef326 [0x0000000002bef2c0+0x66]
J 1357 C2 java.net.URLClassLoader.findClass(Ljava/lang/String;)Ljava/lang/Class; (47 bytes) @ 0x0000000002f192f0 [0x0000000002f19260+0x90]
J 1477 C1 org.gradle.internal.classloader.TransformingClassLoader.findClass(Ljava/lang/String;)Ljava/lang/Class; (203 bytes) @ 0x0000000002f70e3c [0x0000000002f6f9a0+0x149c]
J 2569 C2 java.lang.ClassLoader.loadClass(Ljava/lang/String;Z)Ljava/lang/Class; (122 bytes) @ 0x0000000003412954 [0x0000000003412540+0x414]
J 2253 C2 java.lang.ClassLoader.loadClass(Ljava/lang/String;)Ljava/lang/Class; (7 bytes) @ 0x000000000332d8c0 [0x000000000332d880+0x40]
v  ~StubRoutines::call_stub
v  ~RuntimeStub::load_klass_patching Runtime1 stub
J 6768 C1 org.gradle.api.internal.artifacts.ivyservice.resolveengine.artifact.DefaultArtifactSet.select(Lorg/gradle/api/specs/Spec;Lorg/gradle/api/internal/artifacts/transform/VariantSelector;)Lorg/gradle/api/internal/artifacts/ivyservice/resolveengine/artifact/ResolvedArtifactSet; (25 bytes) @ 0x0000000003e7f6d6 [0x0000000003e7f360+0x376]
j  org.gradle.api.internal.artifacts.ivyservice.resolveengine.artifact.DefaultVisitedArtifactResults.select(Lorg/gradle/api/specs/Spec;Lorg/gradle/api/internal/artifacts/transform/VariantSelector;)Lorg/gradle/api/internal/artifacts/ivyservice/resolveengine/artifact/SelectedArtifactResults;+70
j  org.gradle.api.internal.artifacts.ivyservice.DefaultLenientConfiguration.select(Lorg/gradle/api/specs/Spec;Lorg/gradle/api/internal/attributes/AttributeContainerInternal;Lorg/gradle/api/specs/Spec;Z)Lorg/gradle/api/internal/artifacts/ivyservice/resolveengine/artifact/SelectedArtifactSet;+21
j  org.gradle.api.internal.artifacts.configurations.DefaultConfiguration$ConfigurationFileCollection.getSelectedArtifacts()Lorg/gradle/api/internal/artifacts/ivyservice/resolveengine/artifact/SelectedArtifactSet;+53
j  org.gradle.api.internal.artifacts.configurations.DefaultConfiguration$ConfigurationFileCollection.getFiles()Ljava/util/Set;+9
j  org.gradle.api.internal.file.collections.DefaultFileCollectionResolveContext$FileTreeConverter.convertInto(Ljava/lang/Object;Ljava/util/Collection;Lorg/gradle/internal/file/PathToFileResolver;)V+168
J 6578 C1 org.gradle.api.internal.file.collections.DefaultFileCollectionResolveContext.doResolve(Lorg/gradle/api/internal/file/collections/DefaultFileCollectionResolveContext$Converter;)Ljava/util/List; (356 bytes) @ 0x000000000326a91c [0x0000000003269ca0+0xc7c]
j  org.gradle.api.internal.file.collections.DefaultFileCollectionResolveContext.resolveAsFileTrees()Ljava/util/List;+5
j  org.gradle.api.internal.file.AbstractFileCollection$2.visitContents(Lorg/gradle/api/internal/file/collections/FileCollectionResolveContext;)V+20
j  org.gradle.api.internal.file.CompositeFileTree$FilteredFileTree.visitContents(Lorg/gradle/api/internal/file/collections/FileCollectionResolveContext;)V+12
j  org.gradle.api.internal.file.collections.DefaultFileCollectionResolveContext.resolveNested(Lorg/gradle/api/internal/file/collections/FileCollectionContainer;Ljava/util/List;Lorg/gradle/api/internal/file/collections/DefaultFileCollectionResolveContext$Converter;)V+17
J 6578 C1 org.gradle.api.internal.file.collections.DefaultFileCollectionResolveContext.doResolve(Lorg/gradle/api/internal/file/collections/DefaultFileCollectionResolveContext$Converter;)Ljava/util/List; (356 bytes) @ 0x000000000326a5b4 [0x0000000003269ca0+0x914]
J 6704 C1 org.gradle.api.internal.file.collections.DefaultFileCollectionResolveContext$FileCollectionConverter.convertInto(Ljava/lang/Object;Ljava/util/Collection;Lorg/gradle/internal/file/PathToFileResolver;)V (201 bytes) @ 0x0000000003e3f0c4 [0x0000000003e3c640+0x2a84]
J 6578 C1 org.gradle.api.internal.file.collections.DefaultFileCollectionResolveContext.doResolve(Lorg/gradle/api/internal/file/collections/DefaultFileCollectionResolveContext$Converter;)Ljava/util/List; (356 bytes) @ 0x000000000326a314 [0x0000000003269ca0+0x674]
J 7430 C1 org.gradle.api.internal.file.CompositeFileCollection.getSourceCollections()Ljava/util/Collection; (25 bytes) @ 0x0000000004013c24 [0x0000000004013180+0xaa4]
j  org.gradle.api.internal.file.CompositeFileCollection.visitRootElements(Lorg/gradle/api/internal/file/FileCollectionVisitor;)V+1
j  org.gradle.api.internal.changedetection.state.AbstractFileCollectionSnapshotter.snapshot(Lorg/gradle/api/file/FileCollection;Lorg/gradle/api/internal/changedetection/state/VisitingFileCollectionSnapshotBuilder;)Lorg/gradle/api/internal/changedetection/state/FileCollectionSnapshot;+19
j  org.gradle.api.internal.changedetection.state.DefaultGenericFileCollectionSnapshotter.snapshot(Lorg/gradle/api/file/FileCollection;Lorg/gradle/api/internal/changedetection/state/PathNormalizationStrategy;Lorg/gradle/normalization/internal/InputNormalizationStrategy;)Lorg/gradle/api/internal/changedetection/state/FileCollectionSnapshot;+24
j  org.gradle.api.internal.changedetection.state.CacheBackedTaskHistoryRepository.snapshotTaskFiles(Lorg/gradle/api/internal/TaskInternal;Ljava/lang/String;Lorg/gradle/normalization/internal/InputNormalizationStrategy;Ljava/util/SortedSet;Lorg/gradle/api/internal/changedetection/state/FileCollectionSnapshotterRegistry;)Lcom/google/common/collect/ImmutableSortedMap;+81
j  org.gradle.api.internal.changedetection.state.CacheBackedTaskHistoryRepository.createExecution(Lorg/gradle/api/internal/TaskInternal;Lorg/gradle/api/internal/changedetection/state/HistoricalTaskExecution;Lorg/gradle/normalization/internal/InputNormalizationStrategy;)Lorg/gradle/api/internal/changedetection/state/CurrentTaskExecution;+153
j  org.gradle.api.internal.changedetection.state.CacheBackedTaskHistoryRepository.access$100(Lorg/gradle/api/internal/changedetection/state/CacheBackedTaskHistoryRepository;Lorg/gradle/api/internal/TaskInternal;Lorg/gradle/api/internal/changedetection/state/HistoricalTaskExecution;Lorg/gradle/normalization/internal/InputNormalizationStrategy;)Lorg/gradle/api/internal/changedetection/state/CurrentTaskExecution;+4
j  org.gradle.api.internal.changedetection.state.CacheBackedTaskHistoryRepository$1.getCurrentExecution()Lorg/gradle/api/internal/changedetection/state/CurrentTaskExecution;+24
j  org.gradle.api.internal.changedetection.changes.DefaultTaskArtifactStateRepository$TaskArtifactStateImpl.getStates()Lorg/gradle/api/internal/changedetection/rules/TaskUpToDateState;+21
j  org.gradle.api.internal.changedetection.changes.DefaultTaskArtifactStateRepository$TaskArtifactStateImpl.isUpToDate(Ljava/util/Collection;)Z+6
j  org.gradle.api.internal.tasks.execution.SkipUpToDateTaskExecuter.execute(Lorg/gradle/api/internal/TaskInternal;Lorg/gradle/api/internal/tasks/TaskStateInternal;Lorg/gradle/api/internal/tasks/TaskExecutionContext;)V+38
j  org.gradle.api.internal.tasks.execution.ResolveTaskOutputCachingStateExecuter.execute(Lorg/gradle/api/internal/TaskInternal;Lorg/gradle/api/internal/tasks/TaskStateInternal;Lorg/gradle/api/internal/tasks/TaskExecutionContext;)V+96
j  org.gradle.api.internal.tasks.execution.ValidatingTaskExecuter.execute(Lorg/gradle/api/internal/TaskInternal;Lorg/gradle/api/internal/tasks/TaskStateInternal;Lorg/gradle/api/internal/tasks/TaskExecutionContext;)V+132
j  org.gradle.api.internal.tasks.execution.SkipEmptySourceFilesTaskExecuter.execute(Lorg/gradle/api/internal/TaskInternal;Lorg/gradle/api/internal/tasks/TaskStateInternal;Lorg/gradle/api/internal/tasks/TaskExecutionContext;)V+349
j  org.gradle.api.internal.tasks.execution.CleanupStaleOutputsExecuter.execute(Lorg/gradle/api/internal/TaskInternal;Lorg/gradle/api/internal/tasks/TaskStateInternal;Lorg/gradle/api/internal/tasks/TaskExecutionContext;)V+175
j  org.gradle.api.internal.tasks.execution.ResolveTaskArtifactStateTaskExecuter.execute(Lorg/gradle/api/internal/TaskInternal;Lorg/gradle/api/internal/tasks/TaskStateInternal;Lorg/gradle/api/internal/tasks/TaskExecutionContext;)V+72
j  org.gradle.api.internal.tasks.execution.SkipTaskWithNoActionsExecuter.execute(Lorg/gradle/api/internal/TaskInternal;Lorg/gradle/api/internal/tasks/TaskStateInternal;Lorg/gradle/api/internal/tasks/TaskExecutionContext;)V+124
j  org.gradle.api.internal.tasks.execution.SkipOnlyIfTaskExecuter.execute(Lorg/gradle/api/internal/TaskInternal;Lorg/gradle/api/internal/tasks/TaskStateInternal;Lorg/gradle/api/internal/tasks/TaskExecutionContext;)V+85
j  org.gradle.api.internal.tasks.execution.ExecuteAtMostOnceTaskExecuter.execute(Lorg/gradle/api/internal/TaskInternal;Lorg/gradle/api/internal/tasks/TaskStateInternal;Lorg/gradle/api/internal/tasks/TaskExecutionContext;)V+26
j  org.gradle.api.internal.tasks.execution.CatchExceptionTaskExecuter.execute(Lorg/gradle/api/internal/TaskInternal;Lorg/gradle/api/internal/tasks/TaskStateInternal;Lorg/gradle/api/internal/tasks/TaskExecutionContext;)V+7
j  org.gradle.execution.taskgraph.DefaultTaskGraphExecuter$EventFiringTaskWorker$1.run(Lorg/gradle/internal/operations/BuildOperationContext;)V+56
J 6728 C1 org.gradle.internal.progress.DefaultBuildOperationExecutor$RunnableBuildOperationWorker.execute(Lorg/gradle/internal/operations/BuildOperation;Lorg/gradle/internal/operations/BuildOperationContext;)V (10 bytes) @ 0x0000000003e58da4 [0x0000000003e58b40+0x264]
J 6444 C1 org.gradle.internal.progress.DefaultBuildOperationExecutor.execute(Lorg/gradle/internal/operations/BuildOperation;Lorg/gradle/internal/operations/BuildOperationWorker;Lorg/gradle/internal/progress/DefaultBuildOperationExecutor$DefaultBuildOperationState;)V (394 bytes) @ 0x0000000003387864 [0x0000000003384fe0+0x2884]
j  org.gradle.internal.progress.DefaultBuildOperationExecutor.run(Lorg/gradle/internal/operations/RunnableBuildOperation;)V+20
j  org.gradle.execution.taskgraph.DefaultTaskGraphExecuter$EventFiringTaskWorker.execute(Lorg/gradle/api/internal/TaskInternal;)V+16
j  org.gradle.execution.taskgraph.DefaultTaskGraphExecuter$EventFiringTaskWorker.execute(Ljava/lang/Object;)V+5
j  org.gradle.execution.taskgraph.DefaultTaskPlanExecutor$TaskExecutorWorker.processTask(Lorg/gradle/execution/taskgraph/TaskInfo;)V+8
j  org.gradle.execution.taskgraph.DefaultTaskPlanExecutor$TaskExecutorWorker.access$200(Lorg/gradle/execution/taskgraph/DefaultTaskPlanExecutor$TaskExecutorWorker;Lorg/gradle/execution/taskgraph/TaskInfo;)V+2
j  org.gradle.execution.taskgraph.DefaultTaskPlanExecutor$TaskExecutorWorker$1.execute(Lorg/gradle/execution/taskgraph/TaskInfo;)V+38
j  org.gradle.execution.taskgraph.DefaultTaskPlanExecutor$TaskExecutorWorker$1.execute(Ljava/lang/Object;)V+5
j  org.gradle.execution.taskgraph.DefaultTaskExecutionPlan.execute(Lorg/gradle/execution/taskgraph/TaskInfo;Lorg/gradle/internal/work/WorkerLeaseRegistry$WorkerLease;Lorg/gradle/api/Action;)V+14
j  org.gradle.execution.taskgraph.DefaultTaskExecutionPlan.executeWithTask(Lorg/gradle/internal/work/WorkerLeaseRegistry$WorkerLease;Lorg/gradle/api/Action;)Z+53
j  org.gradle.execution.taskgraph.DefaultTaskPlanExecutor$TaskExecutorWorker.run()V+52
j  org.gradle.internal.concurrent.ExecutorPolicy$CatchAndRecordFailures.onExecute(Ljava/lang/Runnable;)V+1
j  org.gradle.internal.concurrent.ManagedExecutorImpl$1.run()V+25
j  java.util.concurrent.ThreadPoolExecutor.runWorker(Ljava/util/concurrent/ThreadPoolExecutor$Worker;)V+95
j  java.util.concurrent.ThreadPoolExecutor$Worker.run()V+5
j  org.gradle.internal.concurrent.ThreadFactoryImpl$ManagedThreadRunnable.run()V+7
j  java.lang.Thread.run()V+11
v  ~StubRoutines::call_stub

---------------  P R O C E S S  ---------------

Java Threads: ( => current thread )
  0x0000000017dfa800 JavaThread "Cache worker for Java compile cache (D:\musor\AndroidTest\Lessons\less\.gradle\4.4\javaCompile)" [_thread_blocked, id=18520, stack(0x0000000021c60000,0x0000000021d60000)]
  0x0000000017df8000 JavaThread "Task worker for ':' Thread 3" [_thread_blocked, id=7580, stack(0x0000000023370000,0x0000000023470000)]
  0x0000000017dfc000 JavaThread "Task worker for ':' Thread 2" [_thread_blocked, id=10348, stack(0x0000000023270000,0x0000000023370000)]
=>0x0000000017df9800 JavaThread "Task worker for ':'" [_thread_in_vm, id=18800, stack(0x0000000023170000,0x0000000023270000)]
  0x0000000017df7800 JavaThread "Cache worker for Build Output Cleanup Cache (D:\musor\AndroidTest\Lessons\less\.gradle\buildOutputCleanup)" [_thread_blocked, id=11712, stack(0x0000000023070000,0x0000000023170000)]
  0x0000000017dfc800 JavaThread "Cache worker for task history cache (D:\musor\AndroidTest\Lessons\less\.gradle\4.4\taskHistory)" [_thread_blocked, id=17344, stack(0x0000000021900000,0x0000000021a00000)]
  0x0000000017dfb000 JavaThread "Cache worker for file content cache (D:\musor\AndroidTest\Lessons\less\.gradle\4.4\fileContent)" [_thread_blocked, id=8852, stack(0x0000000021800000,0x0000000021900000)]
  0x000000001b39f800 JavaThread "Memory manager" [_thread_blocked, id=16404, stack(0x0000000020b00000,0x0000000020c00000)]
  0x000000001b3a6000 JavaThread "pool-1-thread-1" [_thread_blocked, id=11948, stack(0x000000001e3d0000,0x000000001e4d0000)]
  0x000000001b3a5000 JavaThread "build operations Thread 4" [_thread_blocked, id=17004, stack(0x0000000020300000,0x0000000020400000)]
  0x000000001b3a0800 JavaThread "build operations Thread 3" [_thread_blocked, id=11144, stack(0x0000000020200000,0x0000000020300000)]
  0x000000001b3a3800 JavaThread "build operations Thread 2" [_thread_blocked, id=17812, stack(0x0000000020100000,0x0000000020200000)]
  0x000000001b3a3000 JavaThread "build operations" [_thread_blocked, id=10632, stack(0x000000001eba0000,0x000000001eca0000)]
  0x000000001b3a2000 JavaThread "Cache worker for Artifact transforms cache (D:\Users\user\.gradle\caches\transforms-1)" [_thread_blocked, id=9844, stack(0x000000001d250000,0x000000001d350000)]
  0x000000001b0a4000 JavaThread "Cache worker for file hash cache (D:\musor\AndroidTest\Lessons\less\.gradle\4.4\fileHashes)" [_thread_blocked, id=15220, stack(0x000000001bf80000,0x000000001c080000)]
  0x000000001953c000 JavaThread "File lock request listener" [_thread_in_native, id=17516, stack(0x000000001aeb0000,0x000000001afb0000)]
  0x0000000019519800 JavaThread "Cache worker for file hash cache (D:\Users\user\.gradle\caches\4.4\fileHashes)" [_thread_blocked, id=16604, stack(0x000000001adb0000,0x000000001aeb0000)]
  0x0000000019439800 JavaThread "Stdin handler" [_thread_blocked, id=16824, stack(0x000000001aab0000,0x000000001abb0000)]
  0x0000000019436800 JavaThread "Asynchronous log dispatcher for DefaultDaemonConnection: socket connection from /127.0.0.1:60272 to /127.0.0.1:60273" [_thread_blocked, id=2304, stack(0x000000001a9b0000,0x000000001aab0000)]
  0x00000000194c6000 JavaThread "Daemon worker" [_thread_blocked, id=18072, stack(0x000000001a8b0000,0x000000001a9b0000)]
  0x00000000194c1800 JavaThread "Cancel handler" [_thread_blocked, id=15228, stack(0x000000001a7b0000,0x000000001a8b0000)]
  0x0000000019422800 JavaThread "Handler for socket connection from /127.0.0.1:60272 to /127.0.0.1:60273" [_thread_in_native, id=18816, stack(0x000000001a4b0000,0x000000001a5b0000)]
  0x0000000019420000 JavaThread "Daemon" [_thread_blocked, id=6996, stack(0x000000001a3b0000,0x000000001a4b0000)]
  0x00000000193aa800 JavaThread "Daemon periodic checks" [_thread_blocked, id=14136, stack(0x000000001a2b0000,0x000000001a3b0000)]
  0x0000000019163800 JavaThread "Incoming local TCP Connector on port 60272" [_thread_in_native, id=19192, stack(0x000000001a060000,0x000000001a160000)]
  0x000000001643e000 JavaThread "Service Thread" daemon [_thread_blocked, id=15920, stack(0x0000000018150000,0x0000000018250000)]
  0x000000001643a000 JavaThread "C1 CompilerThread2" daemon [_thread_blocked, id=17192, stack(0x0000000018050000,0x0000000018150000)]
  0x00000000163e5000 JavaThread "C2 CompilerThread1" daemon [_thread_blocked, id=17512, stack(0x0000000017b50000,0x0000000017c50000)]
  0x00000000163e2000 JavaThread "C2 CompilerThread0" daemon [_thread_blocked, id=584, stack(0x0000000017a50000,0x0000000017b50000)]
  0x00000000163df800 JavaThread "Attach Listener" daemon [_thread_blocked, id=19080, stack(0x0000000017950000,0x0000000017a50000)]
  0x00000000163dc800 JavaThread "Signal Dispatcher" daemon [_thread_blocked, id=8020, stack(0x0000000017850000,0x0000000017950000)]
  0x00000000163c7000 JavaThread "Finalizer" daemon [_thread_blocked, id=18516, stack(0x0000000017640000,0x0000000017740000)]
  0x0000000002a62000 JavaThread "Reference Handler" daemon [_thread_blocked, id=18828, stack(0x0000000017540000,0x0000000017640000)]
  0x0000000002972800 JavaThread "main" [_thread_blocked, id=3960, stack(0x00000000027a0000,0x00000000028a0000)]

Other Threads:
  0x00000000163a5000 VMThread [stack: 0x0000000017440000,0x0000000017540000] [id=356]
  0x0000000017c62000 WatcherThread [stack: 0x0000000018250000,0x0000000018350000] [id=620]

VM state:not at safepoint (normal execution)

VM Mutex/Monitor currently owned by a thread: None

Heap:
 PSYoungGen      total 283136K, used 51111K [0x00000000e0000000, 0x00000000f3280000, 0x0000000100000000)
  eden space 262656K, 19% used [0x00000000e0000000,0x00000000e31e9ec0,0x00000000f0080000)
  from space 20480K, 0% used [0x00000000f1780000,0x00000000f1780000,0x00000000f2b80000)
  to   space 23552K, 0% used [0x00000000f0080000,0x00000000f0080000,0x00000000f1780000)
 ParOldGen       total 208384K, used 34740K [0x00000000a0000000, 0x00000000acb80000, 0x00000000e0000000)
  object space 208384K, 16% used [0x00000000a0000000,0x00000000a21ed0f8,0x00000000acb80000)
 Metaspace       used 59820K, capacity 61540K, committed 61784K, reserved 1105920K
  class space    used 8102K, capacity 8567K, committed 8576K, reserved 1048576K

Card table byte_map: [0x0000000011e30000,0x0000000012140000] byte_map_base: 0x0000000011930000

Marking Bits: (ParMarkBitMap*) 0x0000000060284970
 Begin Bits: [0x0000000012740000, 0x0000000013f40000)
 End Bits:   [0x0000000013f40000, 0x0000000015740000)

Polling page: 0x0000000000f80000

CodeCache: size=245760Kb used=21710Kb max_used=22183Kb free=224049Kb
 bounds [0x0000000002a70000, 0x0000000004050000, 0x0000000011a70000]
 total_blobs=7317 nmethods=6530 adapters=700
 compilation: enabled

Compilation events (10 events):
Event: 21.631 Thread 0x000000001643a000 7539       3       com.google.common.collect.Synchronized$SynchronizedListMultimap::delegate (8 bytes)
Event: 21.631 Thread 0x000000001643a000 nmethod 7539 0x00000000032dc3d0 code [0x00000000032dc540, 0x00000000032dc910]
Event: 21.631 Thread 0x000000001643a000 7540       3       com.google.common.collect.Synchronized$SynchronizedMultimap::delegate (8 bytes)
Event: 21.631 Thread 0x000000001643a000 nmethod 7540 0x0000000002db7190 code [0x0000000002db7300, 0x0000000002db7570]
Event: 21.631 Thread 0x000000001643a000 7541       3       com.google.common.collect.Iterators::forArray (9 bytes)
Event: 21.631 Thread 0x000000001643a000 nmethod 7541 0x0000000002fff150 code [0x0000000002fff2c0, 0x0000000002fff448]
Event: 21.631 Thread 0x000000001643a000 7542       3       org.gradle.api.internal.file.collections.DefaultConfigurableFileCollection::visitContents (23 bytes)
Event: 21.631 Thread 0x000000001643a000 nmethod 7542 0x00000000033a8d10 code [0x00000000033a8e80, 0x00000000033a9178]
Event: 21.632 Thread 0x000000001643a000 7543       3       org.gradle.api.internal.project.taskfactory.TaskPropertyInfo$3::validate (67 bytes)
Event: 21.632 Thread 0x000000001643a000 nmethod 7543 0x00000000034446d0 code [0x0000000003444980, 0x0000000003445df8]

GC Heap History (10 events):
Event: 7.975 GC heap before
{Heap before GC invocations=7 (full 2):
 PSYoungGen      total 137728K, used 10727K [0x00000000e0000000, 0x00000000ec880000, 0x0000000100000000)
  eden space 126976K, 0% used [0x00000000e0000000,0x00000000e0000000,0x00000000e7c00000)
  from space 10752K, 99% used [0x00000000e7c00000,0x00000000e8679cc8,0x00000000e8680000)
  to   space 13824K, 0% used [0x00000000ebb00000,0x00000000ebb00000,0x00000000ec880000)
 ParOldGen       total 94720K, used 10702K [0x00000000a0000000, 0x00000000a5c80000, 0x00000000e0000000)
  object space 94720K, 11% used [0x00000000a0000000,0x00000000a0a73a48,0x00000000a5c80000)
 Metaspace       used 34676K, capacity 35268K, committed 35416K, reserved 1079296K
  class space    used 4783K, capacity 4976K, committed 4992K, reserved 1048576K
Event: 8.026 GC heap after
Heap after GC invocations=7 (full 2):
 PSYoungGen      total 137728K, used 0K [0x00000000e0000000, 0x00000000ec880000, 0x0000000100000000)
  eden space 126976K, 0% used [0x00000000e0000000,0x00000000e0000000,0x00000000e7c00000)
  from space 10752K, 0% used [0x00000000e7c00000,0x00000000e7c00000,0x00000000e8680000)
  to   space 13824K, 0% used [0x00000000ebb00000,0x00000000ebb00000,0x00000000ec880000)
 ParOldGen       total 144384K, used 19373K [0x00000000a0000000, 0x00000000a8d00000, 0x00000000e0000000)
  object space 144384K, 13% used [0x00000000a0000000,0x00000000a12eb688,0x00000000a8d00000)
 Metaspace       used 34676K, capacity 35268K, committed 35416K, reserved 1079296K
  class space    used 4783K, capacity 4976K, committed 4992K, reserved 1048576K
}
Event: 10.236 GC heap before
{Heap before GC invocations=8 (full 2):
 PSYoungGen      total 137728K, used 126976K [0x00000000e0000000, 0x00000000ec880000, 0x0000000100000000)
  eden space 126976K, 100% used [0x00000000e0000000,0x00000000e7c00000,0x00000000e7c00000)
  from space 10752K, 0% used [0x00000000e7c00000,0x00000000e7c00000,0x00000000e8680000)
  to   space 13824K, 0% used [0x00000000ebb00000,0x00000000ebb00000,0x00000000ec880000)
 ParOldGen       total 144384K, used 19373K [0x00000000a0000000, 0x00000000a8d00000, 0x00000000e0000000)
  object space 144384K, 13% used [0x00000000a0000000,0x00000000a12eb688,0x00000000a8d00000)
 Metaspace       used 42884K, capacity 43772K, committed 44120K, reserved 1087488K
  class space    used 5905K, capacity 6179K, committed 6272K, reserved 1048576K
Event: 10.258 GC heap after
Heap after GC invocations=8 (full 2):
 PSYoungGen      total 189952K, used 13820K [0x00000000e0000000, 0x00000000ede00000, 0x0000000100000000)
  eden space 176128K, 0% used [0x00000000e0000000,0x00000000e0000000,0x00000000eac00000)
  from space 13824K, 99% used [0x00000000ebb00000,0x00000000ec87f338,0x00000000ec880000)
  to   space 15360K, 0% used [0x00000000eac00000,0x00000000eac00000,0x00000000ebb00000)
 ParOldGen       total 144384K, used 19477K [0x00000000a0000000, 0x00000000a8d00000, 0x00000000e0000000)
  object space 144384K, 13% used [0x00000000a0000000,0x00000000a13057d0,0x00000000a8d00000)
 Metaspace       used 42884K, capacity 43772K, committed 44120K, reserved 1087488K
  class space    used 5905K, capacity 6179K, committed 6272K, reserved 1048576K
}
Event: 15.343 GC heap before
{Heap before GC invocations=9 (full 2):
 PSYoungGen      total 189952K, used 189948K [0x00000000e0000000, 0x00000000ede00000, 0x0000000100000000)
  eden space 176128K, 100% used [0x00000000e0000000,0x00000000eac00000,0x00000000eac00000)
  from space 13824K, 99% used [0x00000000ebb00000,0x00000000ec87f338,0x00000000ec880000)
  to   space 15360K, 0% used [0x00000000eac00000,0x00000000eac00000,0x00000000ebb00000)
 ParOldGen       total 144384K, used 19477K [0x00000000a0000000, 0x00000000a8d00000, 0x00000000e0000000)
  object space 144384K, 13% used [0x00000000a0000000,0x00000000a13057d0,0x00000000a8d00000)
 Metaspace       used 53108K, capacity 54718K, committed 54872K, reserved 1095680K
  class space    used 7273K, capacity 7694K, committed 7808K, reserved 1048576K
Event: 15.377 GC heap after
Heap after GC invocations=9 (full 2):
 PSYoungGen      total 191488K, used 15356K [0x00000000e0000000, 0x00000000f2b80000, 0x0000000100000000)
  eden space 176128K, 0% used [0x00000000e0000000,0x00000000e0000000,0x00000000eac00000)
  from space 15360K, 99% used [0x00000000eac00000,0x00000000ebaff338,0x00000000ebb00000)
  to   space 20480K, 0% used [0x00000000f1780000,0x00000000f1780000,0x00000000f2b80000)
 ParOldGen       total 144384K, used 25383K [0x00000000a0000000, 0x00000000a8d00000, 0x00000000e0000000)
  object space 144384K, 17% used [0x00000000a0000000,0x00000000a18c9d00,0x00000000a8d00000)
 Metaspace       used 53108K, capacity 54718K, committed 54872K, reserved 1095680K
  class space    used 7273K, capacity 7694K, committed 7808K, reserved 1048576K
}
Event: 18.445 GC heap before
{Heap before GC invocations=10 (full 2):
 PSYoungGen      total 191488K, used 91869K [0x00000000e0000000, 0x00000000f2b80000, 0x0000000100000000)
  eden space 176128K, 43% used [0x00000000e0000000,0x00000000e4ab83c0,0x00000000eac00000)
  from space 15360K, 99% used [0x00000000eac00000,0x00000000ebaff338,0x00000000ebb00000)
  to   space 20480K, 0% used [0x00000000f1780000,0x00000000f1780000,0x00000000f2b80000)
 ParOldGen       total 144384K, used 25383K [0x00000000a0000000, 0x00000000a8d00000, 0x00000000e0000000)
  object space 144384K, 17% used [0x00000000a0000000,0x00000000a18c9d00,0x00000000a8d00000)
 Metaspace       used 57184K, capacity 58830K, committed 58968K, reserved 1099776K
  class space    used 7822K, capacity 8226K, committed 8320K, reserved 1048576K
Event: 18.487 GC heap after
Heap after GC invocations=10 (full 2):
 PSYoungGen      total 283136K, used 20462K [0x00000000e0000000, 0x00000000f3280000, 0x0000000100000000)
  eden space 262656K, 0% used [0x00000000e0000000,0x00000000e0000000,0x00000000f0080000)
  from space 20480K, 99% used [0x00000000f1780000,0x00000000f2b7b9b0,0x00000000f2b80000)
  to   space 23552K, 0% used [0x00000000f0080000,0x00000000f0080000,0x00000000f1780000)
 ParOldGen       total 144384K, used 26498K [0x00000000a0000000, 0x00000000a8d00000, 0x00000000e0000000)
  object space 144384K, 18% used [0x00000000a0000000,0x00000000a19e0a60,0x00000000a8d00000)
 Metaspace       used 57184K, capacity 58830K, committed 58968K, reserved 1099776K
  class space    used 7822K, capacity 8226K, committed 8320K, reserved 1048576K
}
Event: 18.487 GC heap before
{Heap before GC invocations=11 (full 3):
 PSYoungGen      total 283136K, used 20462K [0x00000000e0000000, 0x00000000f3280000, 0x0000000100000000)
  eden space 262656K, 0% used [0x00000000e0000000,0x00000000e0000000,0x00000000f0080000)
  from space 20480K, 99% used [0x00000000f1780000,0x00000000f2b7b9b0,0x00000000f2b80000)
  to   space 23552K, 0% used [0x00000000f0080000,0x00000000f0080000,0x00000000f1780000)
 ParOldGen       total 144384K, used 26498K [0x00000000a0000000, 0x00000000a8d00000, 0x00000000e0000000)
  object space 144384K, 18% used [0x00000000a0000000,0x00000000a19e0a60,0x00000000a8d00000)
 Metaspace       used 57184K, capacity 58830K, committed 58968K, reserved 1099776K
  class space    used 7822K, capacity 8226K, committed 8320K, reserved 1048576K
Event: 18.906 GC heap after
Heap after GC invocations=11 (full 3):
 PSYoungGen      total 283136K, used 0K [0x00000000e0000000, 0x00000000f3280000, 0x0000000100000000)
  eden space 262656K, 0% used [0x00000000e0000000,0x00000000e0000000,0x00000000f0080000)
  from space 20480K, 0% used [0x00000000f1780000,0x00000000f1780000,0x00000000f2b80000)
  to   space 23552K, 0% used [0x00000000f0080000,0x00000000f0080000,0x00000000f1780000)
 ParOldGen       total 208384K, used 34740K [0x00000000a0000000, 0x00000000acb80000, 0x00000000e0000000)
  object space 208384K, 16% used [0x00000000a0000000,0x00000000a21ed0f8,0x00000000acb80000)
 Metaspace       used 57184K, capacity 58830K, committed 58968K, reserved 1099776K
  class space    used 7822K, capacity 8226K, committed 8320K, reserved 1048576K
}

Deoptimization events (10 events):
Event: 20.793 Thread 0x0000000017df8000 Uncommon trap: reason=class_check action=maybe_recompile pc=0x00000000033a1278 method=com.sun.tools.javac.code.Types$18.visitClassType(Lcom/sun/tools/javac/code/Type$ClassType;Ljava/lang/Void;)Lcom/sun/tools/javac/code/Type; @ 19
Event: 20.925 Thread 0x0000000017df8000 Uncommon trap: reason=unstable_if action=reinterpret pc=0x0000000003f60988 method=com.sun.tools.javac.util.Convert.chars2utf([CI[BII)I @ 35
Event: 21.012 Thread 0x0000000017df8000 Uncommon trap: reason=unstable_if action=reinterpret pc=0x0000000003e07ab8 method=com.google.common.collect.MapMakerInternalMap$Segment.getEntry(Ljava/lang/Object;I)Lcom/google/common/collect/MapMakerInternalMap$ReferenceEntry; @ 40
Event: 21.044 Thread 0x0000000017dfc800 Uncommon trap: reason=unstable_if action=reinterpret pc=0x0000000002c92198 method=com.esotericsoftware.kryo.io.Output.writeBytes([BII)V @ 61
Event: 21.134 Thread 0x0000000017df8000 Uncommon trap: reason=unstable_if action=reinterpret pc=0x0000000003e18e0c method=sun.nio.fs.WindowsPathParser.isLetter(C)Z @ 3
Event: 21.173 Thread 0x0000000017df8000 Uncommon trap: reason=class_check action=maybe_recompile pc=0x000000000387390c method=java.lang.AbstractStringBuilder.append(Ljava/lang/CharSequence;)Ljava/lang/AbstractStringBuilder; @ 26
Event: 21.173 Thread 0x0000000017df8000 Uncommon trap: reason=class_check action=maybe_recompile pc=0x00000000032207e4 method=java.lang.AbstractStringBuilder.append(Ljava/lang/CharSequence;II)Ljava/lang/AbstractStringBuilder; @ 18
Event: 21.173 Thread 0x0000000017df8000 Uncommon trap: reason=class_check action=maybe_recompile pc=0x000000000387390c method=java.lang.AbstractStringBuilder.append(Ljava/lang/CharSequence;)Ljava/lang/AbstractStringBuilder; @ 26
Event: 21.173 Thread 0x0000000017df8000 Uncommon trap: reason=class_check action=maybe_recompile pc=0x00000000032207e4 method=java.lang.AbstractStringBuilder.append(Ljava/lang/CharSequence;II)Ljava/lang/AbstractStringBuilder; @ 18
Event: 21.266 Thread 0x0000000017df8000 Uncommon trap: reason=unstable_if action=reinterpret pc=0x0000000002c04574 method=org.gradle.api.internal.file.pattern.FixedStepPathMatcher.matches([Ljava/lang/String;I)Z @ 10

Classes redefined (0 events):
No events

Internal exceptions (10 events):
Event: 15.147 Thread 0x00000000194c6000 Exception <a 'java/lang/NoSuchMethodError': <clinit>> (0x00000000ea4f3b70) thrown at [D:\src\AOSP-openjdk-cygwin\jdk8u\hotspot\src\share\vm\prims\jni.cpp, line 1613]
Event: 15.149 Thread 0x00000000194c6000 Exception <a 'java/lang/NoSuchMethodError': <clinit>> (0x00000000ea502720) thrown at [D:\src\AOSP-openjdk-cygwin\jdk8u\hotspot\src\share\vm\prims\jni.cpp, line 1613]
Event: 15.194 Thread 0x00000000194c6000 Exception <a 'java/lang/NoSuchMethodError': <clinit>> (0x00000000ea5ec340) thrown at [D:\src\AOSP-openjdk-cygwin\jdk8u\hotspot\src\share\vm\prims\jni.cpp, line 1613]
Event: 15.195 Thread 0x00000000194c6000 Exception <a 'java/lang/NoSuchMethodError': <clinit>> (0x00000000ea608040) thrown at [D:\src\AOSP-openjdk-cygwin\jdk8u\hotspot\src\share\vm\prims\jni.cpp, line 1613]
Event: 15.226 Thread 0x00000000194c6000 Exception <a 'java/lang/NoSuchMethodError': <clinit>> (0x00000000ea609ea8) thrown at [D:\src\AOSP-openjdk-cygwin\jdk8u\hotspot\src\share\vm\prims\jni.cpp, line 1613]
Event: 15.279 Thread 0x0000000017df8000 Implicit null exception at 0x000000000306db61 to 0x000000000306e0e1
Event: 16.508 Thread 0x0000000017df8000 Exception <a 'java/lang/NoSuchMethodError': <clinit>> (0x00000000e1a88190) thrown at [D:\src\AOSP-openjdk-cygwin\jdk8u\hotspot\src\share\vm\prims\jni.cpp, line 1613]
Event: 16.511 Thread 0x0000000017df8000 Exception <a 'java/lang/NoSuchMethodError': <clinit>> (0x00000000e1a91b88) thrown at [D:\src\AOSP-openjdk-cygwin\jdk8u\hotspot\src\share\vm\prims\jni.cpp, line 1613]
Event: 21.632 Thread 0x0000000017df9800 StackOverflowError at 0x0000000003be3040
Event: 21.632 Thread 0x0000000017df9800 Exception <a 'java/lang/StackOverflowError'> (0x00000000e1f60888) thrown at [D:\src\AOSP-openjdk-cygwin\jdk8u\hotspot\src\share\vm\runtime\sharedRuntime.cpp, line 605]

Events (10 events):
Event: 21.607 Thread 0x00000000163e5000 flushing nmethod 0x0000000003e12810
Event: 21.607 Thread 0x00000000163e5000 flushing nmethod 0x0000000003e1a210
Event: 21.607 Thread 0x00000000163e5000 flushing nmethod 0x0000000003e32590
Event: 21.610 Thread 0x000000001643a000 flushing nmethod 0x0000000003eccbd0
Event: 21.630 loading class org/gradle/api/internal/changedetection/state/LongValueSnapshot
Event: 21.630 loading class org/gradle/api/internal/changedetection/state/LongValueSnapshot done
Event: 21.630 loading class org/gradle/api/internal/changedetection/state/ShortValueSnapshot
Event: 21.630 loading class org/gradle/api/internal/changedetection/state/ShortValueSnapshot done
Event: 21.632 loading class org/gradle/api/internal/artifacts/ivyservice/resolveengine/artifact/BrokenResolvedArtifactSet
Event: 21.632 loading class org/gradle/api/internal/artifacts/ivyservice/resolveengine/artifact/BrokenResolvedArtifactSet done


Dynamic libraries:
0x00007ff78eb60000 - 0x00007ff78eb91000 	C:\Program Files\Android\Android Studio\jre\bin\java.exe
0x00007ffa88c80000 - 0x00007ffa88e70000 	C:\WINDOWS\SYSTEM32\ntdll.dll
0x00007ffa87350000 - 0x00007ffa87402000 	C:\WINDOWS\System32\KERNEL32.DLL
0x00007ffa86990000 - 0x00007ffa86c33000 	C:\WINDOWS\System32\KERNELBASE.dll
0x00007ffa87fe0000 - 0x00007ffa88083000 	C:\WINDOWS\System32\ADVAPI32.dll
0x00007ffa871f0000 - 0x00007ffa8728e000 	C:\WINDOWS\System32\msvcrt.dll
0x00007ffa874c0000 - 0x00007ffa87557000 	C:\WINDOWS\System32\sechost.dll
0x00007ffa87580000 - 0x00007ffa876a0000 	C:\WINDOWS\System32\RPCRT4.dll
0x00007ffa88a70000 - 0x00007ffa88c04000 	C:\WINDOWS\System32\USER32.dll
0x00007ffa86610000 - 0x00007ffa86631000 	C:\WINDOWS\System32\win32u.dll
0x00007ffa880f0000 - 0x00007ffa88116000 	C:\WINDOWS\System32\GDI32.dll
0x00007ffa85c70000 - 0x00007ffa85e04000 	C:\WINDOWS\System32\gdi32full.dll
0x00007ffa86c60000 - 0x00007ffa86cfe000 	C:\WINDOWS\System32\msvcp_win.dll
0x00007ffa86640000 - 0x00007ffa8673a000 	C:\WINDOWS\System32\ucrtbase.dll
0x00007ffa739a0000 - 0x00007ffa73c25000 	C:\WINDOWS\WinSxS\amd64_microsoft.windows.common-controls_6595b64144ccf1df_6.0.18362.720_none_e6beb5c51314836b\COMCTL32.dll
0x00007ffa86eb0000 - 0x00007ffa871e6000 	C:\WINDOWS\System32\combase.dll
0x00007ffa86590000 - 0x00007ffa86610000 	C:\WINDOWS\System32\bcryptPrimitives.dll
0x00007ffa87ca0000 - 0x00007ffa87cce000 	C:\WINDOWS\System32\IMM32.DLL
0x0000000060640000 - 0x0000000060712000 	C:\Program Files\Android\Android Studio\jre\jre\bin\msvcr100.dll
0x000000005fac0000 - 0x00000000602ff000 	C:\Program Files\Android\Android Studio\jre\jre\bin\server\jvm.dll
0x00007ffa87cd0000 - 0x00007ffa87cd8000 	C:\WINDOWS\System32\PSAPI.DLL
0x00007ffa839f0000 - 0x00007ffa83a14000 	C:\WINDOWS\SYSTEM32\WINMM.dll
0x00007ffa7b0e0000 - 0x00007ffa7b0ea000 	C:\WINDOWS\SYSTEM32\VERSION.dll
0x00007ffa839c0000 - 0x00007ffa839ed000 	C:\WINDOWS\SYSTEM32\WINMMBASE.dll
0x00007ffa86740000 - 0x00007ffa8678a000 	C:\WINDOWS\System32\cfgmgr32.dll
0x00007ffa83aa0000 - 0x00007ffa83aa9000 	C:\WINDOWS\SYSTEM32\WSOCK32.dll
0x00007ffa86e40000 - 0x00007ffa86eaf000 	C:\WINDOWS\System32\ws2_32.DLL
0x00007ffa816c0000 - 0x00007ffa816cf000 	C:\Program Files\Android\Android Studio\jre\jre\bin\verify.dll
0x00007ffa7a890000 - 0x00007ffa7a8b9000 	C:\Program Files\Android\Android Studio\jre\jre\bin\java.dll
0x00007ffa78210000 - 0x00007ffa78226000 	C:\Program Files\Android\Android Studio\jre\jre\bin\zip.dll
0x00007ffa88120000 - 0x00007ffa88805000 	C:\WINDOWS\System32\SHELL32.dll
0x00007ffa87410000 - 0x00007ffa874b9000 	C:\WINDOWS\System32\shcore.dll
0x00007ffa85e10000 - 0x00007ffa86590000 	C:\WINDOWS\System32\windows.storage.dll
0x00007ffa85bb0000 - 0x00007ffa85bd3000 	C:\WINDOWS\System32\profapi.dll
0x00007ffa85b40000 - 0x00007ffa85b8a000 	C:\WINDOWS\System32\powrprof.dll
0x00007ffa85b10000 - 0x00007ffa85b20000 	C:\WINDOWS\System32\UMPDC.dll
0x00007ffa87290000 - 0x00007ffa872e2000 	C:\WINDOWS\System32\shlwapi.dll
0x00007ffa85b90000 - 0x00007ffa85ba1000 	C:\WINDOWS\System32\kernel.appcore.dll
0x00007ffa86c40000 - 0x00007ffa86c57000 	C:\WINDOWS\System32\cryptsp.dll
0x00007ffa729f0000 - 0x00007ffa72a0a000 	C:\Program Files\Android\Android Studio\jre\jre\bin\net.dll
0x00007ffa85320000 - 0x00007ffa85387000 	C:\WINDOWS\system32\mswsock.dll
0x00007ffa6d390000 - 0x00007ffa6d3a1000 	C:\Program Files\Android\Android Studio\jre\jre\bin\nio.dll
0x00007ffa7a730000 - 0x00007ffa7a74e000 	D:\Users\user\.gradle\native\25\windows-amd64\native-platform.dll
0x00007ffa7a930000 - 0x00007ffa7a93d000 	C:\Program Files\Android\Android Studio\jre\jre\bin\management.dll
0x00007ffa84e90000 - 0x00007ffa84ec3000 	C:\WINDOWS\system32\rsaenh.dll
0x00007ffa85be0000 - 0x00007ffa85c06000 	C:\WINDOWS\System32\bcrypt.dll
0x00007ffa85a30000 - 0x00007ffa85a55000 	C:\WINDOWS\SYSTEM32\USERENV.dll
0x00007ffa854f0000 - 0x00007ffa854fc000 	C:\WINDOWS\SYSTEM32\CRYPTBASE.dll
0x00007ffa85030000 - 0x00007ffa8506a000 	C:\WINDOWS\SYSTEM32\IPHLPAPI.DLL
0x00007ffa87ce0000 - 0x00007ffa87ce8000 	C:\WINDOWS\System32\NSI.dll
0x00007ffa79a60000 - 0x00007ffa79a76000 	C:\WINDOWS\SYSTEM32\dhcpcsvc6.DLL
0x00007ffa79a40000 - 0x00007ffa79a5c000 	C:\WINDOWS\SYSTEM32\dhcpcsvc.DLL
0x00007ffa85070000 - 0x00007ffa8513a000 	C:\WINDOWS\SYSTEM32\DNSAPI.dll

VM Arguments:
jvm_args: -Xmx1536m -Dfile.encoding=windows-1251 -Duser.country=RU -Duser.language=ru -Duser.variant 
java_command: org.gradle.launcher.daemon.bootstrap.GradleDaemon 4.4
java_class_path (initial): D:\Users\user\.gradle\wrapper\dists\gradle-4.4-all\9br9xq1tocpiv8o6njlyu5op1\gradle-4.4\lib\gradle-launcher-4.4.jar
Launcher Type: SUN_STANDARD

Environment Variables:
JAVA_HOME=c:\Program Files\Java\jdk1.8.0_241
PATH=C:\Program Files (x86)\Common Files\Oracle\Java\javapath;C:\Program Files (x86)\Embarcadero\Studio\18.0\bin;C:\Users\Public\Documents\Embarcadero\Studio\18.0\Bpl;C:\Program Files (x86)\Embarcadero\Studio\18.0\bin64;C:\Users\Public\Documents\Embarcadero\Studio\18.0\Bpl\Win64;C:\ProgramData\Oracle\Java\javapath;C:\Program Files (x86)\Intel\iCLS Client\;C:\Program Files\Intel\iCLS Client\;C:\WINDOWS\System32;C:\WINDOWS;C:\WINDOWS\System32\wbem;C:\WINDOWS\System32\WindowsPowerShell\v1.0\;C:\Program Files (x86)\Intel\Intel(R) Management Engine Components\DAL;C:\Program Files\Intel\Intel(R) Management Engine Components\DAL;C:\Program Files (x86)\Intel\Intel(R) Management Engine Components\IPT;C:\Program Files\Intel\Intel(R) Management Engine Components\IPT;D:\Program Files\Git\cmd;C:\Program Files (x86)\Windows Kits\10\Windows Performance Toolkit\;C:\Program Files (x86)\MATLAB\MATLAB Compiler Runtime\v717\runtime\win32;C:\Program Files (x86)\Windows Kits\8.1\Windows Performance Toolkit\;D:\Program Files\PuTTY\;C:\Program Files\TortoiseSVN\bin;C:\Program Files\TortoiseGit\bin;C:\Gradle\gradle-4.9\bin;C:\Users\user\AppData\Local\Android\sdk\tools\;C:\WINDOWS\System32\OpenSSH\;C:\Users\user\AppData\Local\Android\sdk\platform-tools\;C:\Program Files (x86)\Lua\5.1;C:\Program Files (x86)\Lua\5.1\clibs;C:\Program Files\Microsoft SQL Server\110\Tools\Binn\;C:\ProgramData\chocolatey\bin;C:\Program Files\nodejs\;d:\distr\AppInventDistr\apache-ant-1.9.14\bin\;c:\Program Files\Java\jdk1.8.0_241\bin\;;C:\WINDOWS\system32;C:\WINDOWS;C:\WINDOWS\System32\Wbem;C:\WINDOWS\System32\WindowsPowerShell\v1.0\;C:\WINDOWS\System32\OpenSSH\;D:\Users\Public\Documents\Embarcadero\Studio\18.0\Bpl;D:\Users\user\AppData\Local\Microsoft\WindowsApps;D:\Program Files\Java\jdk1.8.0_102\bin;c:\Gradle\gradle-4.9\bin\;d:\Users\user\AppData\Local\Android\sdk\platform-tools\;D:\Users\user\AppData\Local\Programs\Microsoft VS Code\bin;D:\Users\user\AppData\Roaming\npm;
USERNAME=user
OS=Windows_NT
PROCESSOR_IDENTIFIER=Intel64 Family 6 Model 60 Stepping 3, GenuineIntel



---------------  S Y S T E M  ---------------

OS: Windows 10.0 , 64 bit Build 18362 (10.0.18362.329)

CPU:total 4 (initial active 4) (4 cores per cpu, 1 threads per core) family 6 model 60 stepping 3, cmov, cx8, fxsr, mmx, sse, sse2, sse3, ssse3, sse4.1, sse4.2, popcnt, avx, avx2, aes, clmul, erms, lzcnt, tsc, tscinvbit, bmi1, bmi2

Memory: 4k page, physical 16640812k(1842788k free), swap 24778260k(7104k free)

vm_info: OpenJDK 64-Bit Server VM (25.152-b02) for windows-amd64 JRE (1.8.0_152-release-1024-b02), built by "builder" with MS VC++ 10.0 (VS2010)

time: Wed Mar 18 10:13:59 2020
elapsed time: 21 seconds (0d 0h 0m 21s)

